2024-03-11 00:00:00.001 INFO  [postgres] PostgreSQL 15.2 started on pg-primary:5432
2024-03-11 00:00:00.112 INFO  [postgres] max_connections = 200, shared_buffers = 4GB
2024-03-11 00:00:00.223 INFO  [postgres] Replication slot 'replica_slot_1' active - replica connected at pg-replica-1:5432
2024-03-11 00:00:00.334 INFO  [postgres] WAL archiving enabled to s3://db-backups/wal/
2024-03-11 00:01:00.001 INFO  [postgres] Checkpoint starting: time
2024-03-11 00:01:02.114 INFO  [postgres] Checkpoint complete: wrote 3412 buffers (0.2%); distance=18432 kB
2024-03-11 00:05:11.223 INFO  [pg-replica-1] Streaming replication lag: 0ms (in sync)
2024-03-11 00:10:00.334 INFO  [postgres] Autovacuum: processing table "public.orders" - dead tuples: 1,203
2024-03-11 00:10:04.441 INFO  [postgres] Autovacuum complete on "public.orders": removed 1,203 dead tuples
2024-03-11 00:15:22.552 INFO  [postgres] pg_stat_activity: 12 active connections of 200 max
2024-03-11 00:20:00.001 INFO  [postgres] Checkpoint starting: time
2024-03-11 00:20:02.114 INFO  [postgres] Checkpoint complete: wrote 2891 buffers (0.1%)
2024-03-11 00:30:11.223 INFO  [pg-replica-1] Streaming replication lag: 2ms
2024-03-11 00:35:00.334 WARNING [postgres] Slow query detected (duration: 1823ms, threshold: 500ms):
  SELECT o.*, u.email, u.name, p.* FROM orders o
  JOIN users u ON o.user_id = u.id
  JOIN products p ON o.product_id = p.id
  WHERE o.user_id = $1
  ORDER BY o.created_at DESC
  PLAN: Seq Scan on orders (cost=0.00..48923.12 rows=48923 width=312) (actual time=0.112..1802.334 rows=48923)
2024-03-11 00:35:01.441 WARNING [postgres] Slow query detected (duration: 2201ms, threshold: 500ms):
  SELECT o.*, u.email, u.name FROM orders o JOIN users u ON o.user_id = u.id WHERE o.user_id = $1
  PLAN: Seq Scan on orders (cost=0.00..48923.12 rows=48923 width=312) - Missing index on orders.user_id
2024-03-11 00:35:02.552 WARNING [postgres] Slow query detected (duration: 3102ms, threshold: 500ms):
  SELECT p.*, i.quantity, i.warehouse_location FROM products p JOIN inventory i ON p.id = i.product_id
  PLAN: Hash Join (cost=1234.56..89234.12) - Hash Batches: 8, Memory Usage: 4096kB (exceeds work_mem)
2024-03-11 00:35:03.663 ERROR  [postgres] Connection pool approaching limit: 95/200 connections active
2024-03-11 00:35:04.774 ERROR  [postgres] FATAL: remaining connection slots are reserved for non-replication superuser connections
2024-03-11 00:35:04.885 ERROR  [postgres] Connection refused: connection count=200 exceeds max_connections=200
2024-03-11 00:35:05.001 CRITICAL [postgres] DATABASE CONNECTION LIMIT REACHED - rejecting new connections
2024-03-11 00:35:05.112 ERROR  [postgres] pg_stat_activity: 200/200 connections active - 187 idle in transaction (>30s)
2024-03-11 00:35:05.223 ERROR  [postgres] Detected 187 idle-in-transaction connections holding locks - potential deadlock risk
2024-03-11 00:35:06.334 ERROR  [postgres] Lock wait timeout exceeded for PID 18823: UPDATE orders SET status=$1 WHERE id=$2
  Waiting on lock held by PID 18756: BEGIN; SELECT * FROM orders WHERE id=$1 FOR UPDATE
2024-03-11 00:35:06.445 ERROR  [postgres] Deadlock detected:
  Process 18823 waits for ShareLock on transaction 7834921
  Process 18756 waits for ShareLock on transaction 7834922
  HINT: See server log for query details.
2024-03-11 00:35:06.556 ERROR  [postgres] Deadlock resolved - rolled back transaction 7834921
2024-03-11 00:35:07.001 CRITICAL [postgres] Terminating 50 oldest idle-in-transaction connections to free slots
2024-03-11 00:35:07.112 INFO  [postgres] Terminated 50 idle connections. Active: 150/200
2024-03-11 00:35:08.223 INFO  [postgres] Connection pool recovering: 120/200 connections active
2024-03-11 00:36:10.334 INFO  [postgres] Connection pool normal: 18/200 connections active
2024-03-11 00:36:11.441 INFO  [pg-replica-1] Streaming replication lag: 8412ms - replica catching up after primary spike
2024-03-11 00:36:30.552 INFO  [pg-replica-1] Streaming replication lag: 1203ms - catching up
2024-03-11 00:36:45.001 INFO  [pg-replica-1] Streaming replication lag: 0ms - back in sync
2024-03-11 00:40:00.112 INFO  [postgres] Checkpoint starting: time
2024-03-11 00:40:02.223 INFO  [postgres] Checkpoint complete: wrote 4122 buffers (0.2%)
2024-03-11 01:00:00.334 INFO  [postgres] Autovacuum: processing table "public.sessions" - dead tuples: 8,401
2024-03-11 01:00:06.441 INFO  [postgres] Autovacuum complete on "public.sessions": removed 8,401 dead tuples
2024-03-11 01:00:00.552 INFO  [postgres] Checkpoint starting: time
2024-03-11 01:00:02.001 INFO  [postgres] Checkpoint complete: wrote 2341 buffers (0.1%)
2024-03-11 01:05:11.112 INFO  [pg-replica-1] Streaming replication lag: 0ms (in sync)
2024-03-11 01:15:22.223 INFO  [postgres] pg_stat_activity: 8 active connections of 200 max
2024-03-11 01:20:00.334 INFO  [postgres] Checkpoint starting: time
2024-03-11 01:20:02.441 INFO  [postgres] Checkpoint complete: wrote 1892 buffers (0.1%)
2024-03-11 02:00:00.552 INFO  [postgres] Checkpoint starting: time
2024-03-11 02:00:02.001 INFO  [postgres] Checkpoint complete: wrote 2012 buffers (0.1%)
2024-03-11 02:00:00.112 INFO  [postgres] Autovacuum: processing table "public.audit_logs" - dead tuples: 22,891
2024-03-11 02:00:18.223 INFO  [postgres] Autovacuum complete on "public.audit_logs": removed 22,891 dead tuples
2024-03-11 02:30:11.334 INFO  [pg-replica-1] Streaming replication lag: 0ms (in sync)
2024-03-11 03:00:00.441 INFO  [postgres] Checkpoint starting: time
2024-03-11 03:00:02.552 INFO  [postgres] Checkpoint complete: wrote 1744 buffers (0.1%)
2024-03-11 03:00:22.001 INFO  [postgres] Scheduled backup starting: pg_basebackup to s3://db-backups/daily/
2024-03-11 03:12:44.112 INFO  [postgres] Scheduled backup complete: 14.2 GB written to s3://db-backups/daily/2024-03-11/
2024-03-11 03:15:00.223 INFO  [postgres] WAL archive upload: 000000010000003C000000A2 -> s3://db-backups/wal/ OK
2024-03-11 04:00:00.334 INFO  [postgres] Checkpoint starting: time
2024-03-11 04:00:02.441 INFO  [postgres] Checkpoint complete: wrote 2203 buffers (0.1%)
2024-03-11 04:15:11.552 INFO  [pg-replica-1] Streaming replication lag: 0ms (in sync)
2024-03-11 05:00:00.001 INFO  [postgres] Checkpoint starting: time
2024-03-11 05:00:02.112 INFO  [postgres] Checkpoint complete: wrote 1991 buffers (0.1%)
2024-03-11 06:00:00.223 INFO  [postgres] Checkpoint starting: time
2024-03-11 06:00:02.334 INFO  [postgres] Checkpoint complete: wrote 2134 buffers (0.1%)
2024-03-11 06:00:00.441 INFO  [postgres] Autovacuum: processing table "public.products" - dead tuples: 4,412
2024-03-11 06:00:04.552 INFO  [postgres] Autovacuum complete on "public.products": removed 4,412 dead tuples
2024-03-11 06:30:11.001 INFO  [pg-replica-1] Streaming replication lag: 0ms (in sync)
2024-03-11 07:00:00.112 INFO  [postgres] Checkpoint starting: time
2024-03-11 07:00:02.223 INFO  [postgres] Checkpoint complete: wrote 2311 buffers (0.1%)
2024-03-11 08:00:00.334 INFO  [postgres] Checkpoint starting: time
2024-03-11 08:00:02.441 INFO  [postgres] Checkpoint complete: wrote 2788 buffers (0.1%)
2024-03-11 08:15:11.552 INFO  [pg-replica-1] Streaming replication lag: 0ms (in sync)
2024-03-11 08:30:22.001 INFO  [postgres] pg_stat_activity: 22 active connections of 200 max
2024-03-11 09:00:00.112 INFO  [postgres] Checkpoint starting: time
2024-03-11 09:00:02.223 INFO  [postgres] Checkpoint complete: wrote 3012 buffers (0.1%)
2024-03-11 09:00:00.334 INFO  [postgres] Autovacuum: processing table "public.users" - dead tuples: 891
2024-03-11 09:00:01.441 INFO  [postgres] Autovacuum complete on "public.users": removed 891 dead tuples
2024-03-11 09:15:22.552 WARNING [postgres] Table "public.orders" bloat detected: 34% dead tuples (1,203,891 rows total, 409,323 dead)
2024-03-11 09:15:22.001 WARNING [postgres] Recommend running VACUUM ANALYZE on "public.orders" during low-traffic window
2024-03-11 09:20:00.112 INFO  [postgres] Index usage stats: idx_orders_user_id usage=0 (UNUSED) - consider dropping
2024-03-11 09:20:00.223 WARNING [postgres] Missing index detected: orders.created_at has 0 indexes but appears in 234 slow queries
2024-03-11 09:20:00.334 WARNING [postgres] Missing index detected: orders.status has 0 indexes but appears in 189 slow queries
2024-03-11 09:30:11.441 INFO  [pg-replica-1] Streaming replication lag: 0ms (in sync)
2024-03-11 10:00:00.552 INFO  [postgres] Checkpoint starting: time
2024-03-11 10:00:02.001 INFO  [postgres] Checkpoint complete: wrote 3344 buffers (0.2%)
2024-03-11 10:30:22.112 INFO  [postgres] pg_stat_activity: 31 active connections of 200 max
2024-03-11 11:00:00.223 INFO  [postgres] Checkpoint starting: time
2024-03-11 11:00:02.334 INFO  [postgres] Checkpoint complete: wrote 3891 buffers (0.2%)
2024-03-11 11:00:00.441 INFO  [postgres] Autovacuum: processing table "public.payments" - dead tuples: 2,341
2024-03-11 11:00:03.552 INFO  [postgres] Autovacuum complete on "public.payments": removed 2,341 dead tuples
2024-03-11 11:15:11.001 INFO  [pg-replica-1] Streaming replication lag: 0ms (in sync)
2024-03-11 11:30:22.112 INFO  [postgres] pg_stat_activity: 28 active connections of 200 max
2024-03-11 12:00:00.223 INFO  [postgres] Checkpoint starting: time
2024-03-11 12:00:02.334 INFO  [postgres] Checkpoint complete: wrote 4102 buffers (0.2%)
2024-03-11 12:15:11.441 WARNING [postgres] Disk usage on /var/lib/postgresql: 78% (156GB/200GB) - monitor closely
2024-03-11 12:15:11.552 WARNING [postgres] WAL directory size: 8.2GB - consider reducing wal_keep_size
2024-03-11 12:30:22.001 INFO  [postgres] pg_stat_activity: 35 active connections of 200 max
2024-03-11 13:00:00.112 INFO  [postgres] Checkpoint starting: time
2024-03-11 13:00:02.223 INFO  [postgres] Checkpoint complete: wrote 4512 buffers (0.2%)
2024-03-11 13:00:00.334 INFO  [postgres] Autovacuum: processing table "public.notifications" - dead tuples: 18,234
2024-03-11 13:00:14.441 INFO  [postgres] Autovacuum complete on "public.notifications": removed 18,234 dead tuples
2024-03-11 13:15:11.552 INFO  [pg-replica-1] Streaming replication lag: 0ms (in sync)
2024-03-11 14:00:00.001 INFO  [postgres] Checkpoint starting: time
2024-03-11 14:00:02.112 INFO  [postgres] Checkpoint complete: wrote 4788 buffers (0.2%)
2024-03-11 14:30:22.223 INFO  [postgres] pg_stat_activity: 44 active connections of 200 max
2024-03-11 15:00:00.334 INFO  [postgres] Checkpoint starting: time
2024-03-11 15:00:02.441 INFO  [postgres] Checkpoint complete: wrote 5234 buffers (0.3%)
2024-03-11 15:00:00.552 INFO  [postgres] Autovacuum: processing table "public.orders" - dead tuples: 5,892
2024-03-11 15:00:06.001 INFO  [postgres] Autovacuum complete on "public.orders": removed 5,892 dead tuples
2024-03-11 15:15:11.112 INFO  [pg-replica-1] Streaming replication lag: 0ms (in sync)
2024-03-11 15:30:22.223 INFO  [postgres] pg_stat_activity: 52 active connections of 200 max
2024-03-11 15:45:00.334 WARNING [postgres] Long-running transaction detected: PID 24891, duration 12m34s
  Query: SELECT * FROM orders o JOIN order_items oi ON o.id = oi.order_id WHERE o.created_at > '2024-01-01'
  Locks held: 3 RowShareLock on orders, order_items, products
2024-03-11 15:45:00.441 WARNING [postgres] Long-running transaction blocking 8 other queries
2024-03-11 15:58:22.552 INFO  [postgres] Long-running transaction PID 24891 completed after 25m11s
2024-03-11 16:00:00.001 INFO  [postgres] Checkpoint starting: time
2024-03-11 16:00:02.112 INFO  [postgres] Checkpoint complete: wrote 5891 buffers (0.3%)
2024-03-11 16:10:00.223 WARNING [pg-replica-1] Streaming replication lag: 2341ms - replica falling behind
2024-03-11 16:10:01.334 WARNING [pg-replica-1] Streaming replication lag: 8923ms - replica significantly behind
2024-03-11 16:10:02.441 ERROR  [pg-replica-1] Streaming replication lag: 34211ms - replica critically behind primary
2024-03-11 16:10:02.552 ERROR  [pg-replica-1] WAL sender process terminated abnormally on pg-replica-1
2024-03-11 16:10:02.663 CRITICAL [replication] Replication to pg-replica-1 INTERRUPTED - standby disconnected
2024-03-11 16:10:02.774 ERROR  [replication] pg-replica-1 is now running in standalone mode - READ QUERIES WILL RETURN STALE DATA
2024-03-11 16:10:03.885 ERROR  [postgres] replication slot 'replica_slot_1' inactive - WAL segments accumulating
2024-03-11 16:10:04.001 WARNING [postgres] WAL accumulation due to inactive replication slot: 2.1GB and growing
2024-03-11 16:10:30.112 INFO  [pg-replica-1] Attempting to reconnect to primary pg-primary:5432
2024-03-11 16:10:32.223 INFO  [pg-replica-1] Reconnected to primary. Starting WAL catchup from LSN 3C/A2000000
2024-03-11 16:13:44.334 INFO  [pg-replica-1] WAL catchup complete. Streaming replication lag: 0ms
2024-03-11 16:13:44.441 INFO  [replication] Replication to pg-replica-1 RESTORED - replica in sync
2024-03-11 16:15:00.552 INFO  [postgres] Replication slot 'replica_slot_1' active again
2024-03-11 16:15:00.001 INFO  [postgres] WAL accumulation resolved: normal WAL size restored
2024-03-11 16:30:11.112 INFO  [pg-replica-1] Streaming replication lag: 0ms (in sync)
2024-03-11 17:00:00.223 INFO  [postgres] Checkpoint starting: time
2024-03-11 17:00:02.334 INFO  [postgres] Checkpoint complete: wrote 5122 buffers (0.3%)
2024-03-11 17:00:00.441 INFO  [postgres] Autovacuum: processing table "public.sessions" - dead tuples: 12,441
2024-03-11 17:00:10.552 INFO  [postgres] Autovacuum complete on "public.sessions": removed 12,441 dead tuples
2024-03-11 17:15:11.001 INFO  [pg-replica-1] Streaming replication lag: 0ms (in sync)
2024-03-11 17:30:22.112 INFO  [postgres] pg_stat_activity: 48 active connections of 200 max
2024-03-11 18:00:00.223 INFO  [postgres] Checkpoint starting: time
2024-03-11 18:00:02.334 INFO  [postgres] Checkpoint complete: wrote 5344 buffers (0.3%)
2024-03-11 18:30:11.441 INFO  [pg-replica-1] Streaming replication lag: 0ms (in sync)
2024-03-11 19:00:00.552 INFO  [postgres] Checkpoint starting: time
2024-03-11 19:00:02.001 INFO  [postgres] Checkpoint complete: wrote 4891 buffers (0.3%)
2024-03-11 19:00:00.112 INFO  [postgres] Autovacuum: processing table "public.audit_logs" - dead tuples: 31,122
2024-03-11 19:00:24.223 INFO  [postgres] Autovacuum complete on "public.audit_logs": removed 31,122 dead tuples
2024-03-11 19:15:11.334 INFO  [pg-replica-1] Streaming replication lag: 0ms (in sync)
2024-03-11 19:30:22.441 INFO  [postgres] pg_stat_activity: 39 active connections of 200 max
2024-03-11 20:00:00.552 INFO  [postgres] Checkpoint starting: time
2024-03-11 20:00:02.001 INFO  [postgres] Checkpoint complete: wrote 4422 buffers (0.2%)
2024-03-11 20:15:11.112 INFO  [pg-replica-1] Streaming replication lag: 0ms (in sync)
2024-03-11 20:30:22.223 INFO  [postgres] pg_stat_activity: 34 active connections of 200 max
2024-03-11 21:00:00.334 INFO  [postgres] Checkpoint starting: time
2024-03-11 21:00:02.441 INFO  [postgres] Checkpoint complete: wrote 3912 buffers (0.2%)
2024-03-11 21:00:00.552 INFO  [postgres] Autovacuum: processing table "public.products" - dead tuples: 3,102
2024-03-11 21:00:03.001 INFO  [postgres] Autovacuum complete on "public.products": removed 3,102 dead tuples
2024-03-11 21:15:11.112 INFO  [pg-replica-1] Streaming replication lag: 0ms (in sync)
2024-03-11 21:30:22.223 INFO  [postgres] pg_stat_activity: 27 active connections of 200 max
2024-03-11 22:00:00.334 INFO  [postgres] Checkpoint starting: time
2024-03-11 22:00:02.441 INFO  [postgres] Checkpoint complete: wrote 3234 buffers (0.2%)
2024-03-11 22:30:11.552 INFO  [pg-replica-1] Streaming replication lag: 0ms (in sync)
2024-03-11 23:00:00.001 INFO  [postgres] Checkpoint starting: time
2024-03-11 23:00:02.112 INFO  [postgres] Checkpoint complete: wrote 2891 buffers (0.2%)
2024-03-11 23:00:00.223 INFO  [postgres] Autovacuum: processing table "public.orders" - dead tuples: 4,221
2024-03-11 23:00:04.334 INFO  [postgres] Autovacuum complete on "public.orders": removed 4,221 dead tuples
2024-03-11 23:15:11.441 INFO  [pg-replica-1] Streaming replication lag: 0ms (in sync)
2024-03-11 23:30:22.552 INFO  [postgres] pg_stat_activity: 14 active connections of 200 max
2024-03-11 23:59:59.001 INFO  [postgres] Daily stats: peak_connections=200 | total_queries=2,341,892 | slow_queries=3 | deadlocks=1 | avg_query_time=1.2ms
