2024-03-11 00:00:00.001 INFO  [redis] Redis 7.2.4 started - cluster mode enabled
2024-03-11 00:00:00.112 INFO  [redis] Cluster nodes: redis-0:6379 (master), redis-1:6379 (master), redis-2:6379 (master)
2024-03-11 00:00:00.223 INFO  [redis] Replicas: redis-3:6379 -> redis-0, redis-4:6379 -> redis-1, redis-5:6379 -> redis-2
2024-03-11 00:00:00.334 INFO  [redis] maxmemory: 2GB, maxmemory-policy: allkeys-lru
2024-03-11 00:00:00.441 INFO  [redis] Connected clients: 0 | Used memory: 412MB / 2048MB (20%)
2024-03-11 00:05:00.552 INFO  [redis] Keyspace: db0 keys=284,123 expires=201,441
2024-03-11 00:10:00.001 INFO  [redis] Stats: connected_clients=34 | ops_per_sec=1,241 | hit_rate=94.2% | used_memory=634MB
2024-03-11 00:15:00.112 INFO  [redis] RDB snapshot saved: dump.rdb (12.4MB) in 0.8s
2024-03-11 00:20:00.223 INFO  [redis] Stats: connected_clients=28 | ops_per_sec=892 | hit_rate=94.8% | used_memory=641MB
2024-03-11 00:30:00.334 INFO  [redis] Stats: connected_clients=22 | ops_per_sec=734 | hit_rate=95.1% | used_memory=648MB
2024-03-11 00:35:00.441 WARNING [redis] Memory usage spike: 1,234MB / 2048MB (60%) - unusual increase detected
2024-03-11 00:35:01.552 WARNING [redis] High number of blocked clients: 89 clients waiting on BLPOP/BRPOP
2024-03-11 00:35:02.001 WARNING [redis] Keyspace notifications: 1,234 expired keys in last 10s (unusually high)
2024-03-11 00:35:10.112 INFO  [redis] Memory stabilized: 891MB / 2048MB (43%) after LRU eviction
2024-03-11 00:36:00.223 INFO  [redis] Stats: connected_clients=18 | ops_per_sec=234 | hit_rate=89.2% (degraded - cache misses during pod restart)
2024-03-11 00:36:30.334 INFO  [redis] Cache warming up: hit_rate recovering (91.4%)
2024-03-11 00:37:00.441 INFO  [redis] Stats: connected_clients=24 | ops_per_sec=1,102 | hit_rate=93.8%
2024-03-11 00:40:00.552 INFO  [redis] Cache fully warm: hit_rate=94.9%
2024-03-11 01:00:00.001 INFO  [redis] Stats: connected_clients=19 | ops_per_sec=612 | hit_rate=95.2% | used_memory=701MB
2024-03-11 01:15:00.112 INFO  [redis] RDB snapshot saved: dump.rdb (13.1MB) in 0.9s
2024-03-11 01:30:00.223 INFO  [redis] Stats: connected_clients=14 | ops_per_sec=489 | hit_rate=95.4% | used_memory=712MB
2024-03-11 02:00:00.334 INFO  [redis] Stats: connected_clients=11 | ops_per_sec=312 | hit_rate=95.6% | used_memory=718MB
2024-03-11 02:15:00.441 INFO  [redis] RDB snapshot saved: dump.rdb (13.4MB) in 0.9s
2024-03-11 02:30:00.552 INFO  [redis] Cluster rebalancing: slot migration from redis-0 to redis-1 (planned maintenance)
2024-03-11 02:30:02.001 INFO  [redis] Cluster rebalancing complete: 1,365 slots migrated
2024-03-11 03:00:00.112 INFO  [redis] Stats: connected_clients=9 | ops_per_sec=201 | hit_rate=95.8% | used_memory=722MB
2024-03-11 03:15:00.223 INFO  [redis] RDB snapshot saved: dump.rdb (13.6MB) in 0.9s
2024-03-11 04:00:00.334 INFO  [redis] Stats: connected_clients=8 | ops_per_sec=178 | hit_rate=96.0% | used_memory=729MB
2024-03-11 04:15:00.441 INFO  [redis] RDB snapshot saved: dump.rdb (13.7MB) in 1.0s
2024-03-11 05:00:00.552 INFO  [redis] Stats: connected_clients=8 | ops_per_sec=189 | hit_rate=96.1% | used_memory=731MB
2024-03-11 05:15:00.001 INFO  [redis] RDB snapshot saved: dump.rdb (13.7MB) in 1.0s
2024-03-11 06:00:00.112 INFO  [redis] Stats: connected_clients=11 | ops_per_sec=312 | hit_rate=95.9% | used_memory=738MB
2024-03-11 06:15:00.223 INFO  [redis] RDB snapshot saved: dump.rdb (13.9MB) in 1.0s
2024-03-11 07:00:00.334 INFO  [redis] Stats: connected_clients=18 | ops_per_sec=612 | hit_rate=95.7% | used_memory=748MB
2024-03-11 07:15:00.441 INFO  [redis] RDB snapshot saved: dump.rdb (14.1MB) in 1.0s
2024-03-11 08:00:00.552 INFO  [redis] Stats: connected_clients=34 | ops_per_sec=1,892 | hit_rate=95.2% | used_memory=891MB
2024-03-11 08:15:00.001 INFO  [redis] RDB snapshot saved: dump.rdb (16.2MB) in 1.2s
2024-03-11 09:00:00.112 INFO  [redis] Stats: connected_clients=48 | ops_per_sec=2,341 | hit_rate=94.8% | used_memory=1,012MB
2024-03-11 09:00:00.223 WARNING [redis] Memory usage at 49% (1,012MB / 2048MB) - monitoring
2024-03-11 09:05:00.334 INFO  [redis] RDB snapshot saved: dump.rdb (18.9MB) in 1.4s
2024-03-11 09:15:00.441 INFO  [redis] Stats: connected_clients=52 | ops_per_sec=2,891 | hit_rate=94.6% | used_memory=1,089MB
2024-03-11 09:30:00.552 INFO  [redis] Stats: connected_clients=58 | ops_per_sec=3,102 | hit_rate=94.4% | used_memory=1,134MB
2024-03-11 09:45:00.001 WARNING [redis] Memory usage at 58% (1,187MB / 2048MB) - LRU evictions starting
2024-03-11 09:45:00.112 WARNING [redis] Evicted 12,341 keys in last 60s (LRU policy active)
2024-03-11 10:00:00.223 INFO  [redis] Stats: connected_clients=61 | ops_per_sec=3,412 | hit_rate=93.8% | used_memory=1,201MB
2024-03-11 10:15:00.334 INFO  [redis] RDB snapshot saved: dump.rdb (21.2MB) in 1.8s
2024-03-11 10:30:00.441 INFO  [redis] Stats: connected_clients=67 | ops_per_sec=3,891 | hit_rate=93.4% | used_memory=1,289MB
2024-03-11 10:45:00.552 WARNING [redis] Memory usage at 66% (1,351MB / 2048MB) - high eviction rate
2024-03-11 10:45:00.001 WARNING [redis] Evicted 34,891 keys in last 60s - cache efficiency degrading
2024-03-11 10:45:01.112 WARNING [redis] Slow log entry: KEYS * took 2341ms (threshold: 100ms) - avoid KEYS in production
2024-03-11 10:45:02.223 ERROR  [redis] Latency spike detected: average 45ms (threshold: 10ms) - possible memory pressure
2024-03-11 11:00:00.334 INFO  [redis] Stats: connected_clients=71 | ops_per_sec=4,102 | hit_rate=92.8% | used_memory=1,401MB
2024-03-11 11:00:00.441 WARNING [redis] Memory usage at 68% (1,401MB / 2048MB)
2024-03-11 11:15:00.552 INFO  [redis] RDB snapshot saved: dump.rdb (24.1MB) in 2.1s
2024-03-11 11:30:00.001 INFO  [redis] Stats: connected_clients=74 | ops_per_sec=4,341 | hit_rate=92.4% | used_memory=1,456MB
2024-03-11 11:45:00.112 WARNING [redis] Memory usage at 71% (1,455MB / 2048MB) - recommend increasing maxmemory
2024-03-11 11:45:00.223 WARNING [redis] Evicted 89,234 keys in last 60s - significant cache pressure
2024-03-11 12:00:00.334 INFO  [redis] Stats: connected_clients=78 | ops_per_sec=4,789 | hit_rate=91.8% | used_memory=1,512MB
2024-03-11 12:00:00.441 WARNING [redis] Memory usage at 74% (1,512MB / 2048MB) - peak traffic approaching
2024-03-11 12:15:00.552 INFO  [redis] RDB snapshot saved: dump.rdb (26.8MB) in 2.4s
2024-03-11 12:30:00.001 INFO  [redis] Stats: connected_clients=82 | ops_per_sec=5,102 | hit_rate=91.2% | used_memory=1,589MB
2024-03-11 12:45:00.112 WARNING [redis] Memory usage at 78% (1,589MB / 2048MB)
2024-03-11 12:45:00.223 ERROR  [redis] RDB save FAILED: Cannot allocate memory for child process (fork failed)
  Reason: Available memory insufficient for copy-on-write during fork
  Current usage: 1,589MB | Available system RAM: 892MB
2024-03-11 12:45:00.334 ERROR  [redis] Persistence disabled until memory pressure is resolved
2024-03-11 12:45:01.441 WARNING [redis] Data durability at risk: RDB snapshots failing
2024-03-11 13:00:00.552 INFO  [redis] Stats: connected_clients=79 | ops_per_sec=4,892 | hit_rate=91.4% | used_memory=1,567MB
2024-03-11 13:00:00.001 WARNING [redis] Memory usage at 77% (1,567MB / 2048MB)
2024-03-11 13:15:00.112 INFO  [redis] RDB snapshot saved: dump.rdb (27.1MB) in 2.6s (memory pressure eased)
2024-03-11 13:30:00.223 INFO  [redis] Stats: connected_clients=74 | ops_per_sec=4,512 | hit_rate=91.8%
2024-03-11 14:00:00.334 INFO  [redis] Stats: connected_clients=69 | ops_per_sec=4,102 | hit_rate=92.2% | used_memory=1,489MB
2024-03-11 14:15:00.441 INFO  [redis] RDB snapshot saved: dump.rdb (25.8MB) in 2.3s
2024-03-11 15:00:00.552 INFO  [redis] Stats: connected_clients=72 | ops_per_sec=4,234 | hit_rate=92.0% | used_memory=1,501MB
2024-03-11 15:15:00.001 INFO  [redis] RDB snapshot saved: dump.rdb (26.2MB) in 2.3s
2024-03-11 16:00:00.112 INFO  [redis] Stats: connected_clients=68 | ops_per_sec=3,891 | hit_rate=92.4% | used_memory=1,456MB
2024-03-11 16:15:00.223 INFO  [redis] RDB snapshot saved: dump.rdb (25.4MB) in 2.2s
2024-03-11 17:00:00.334 INFO  [redis] Stats: connected_clients=62 | ops_per_sec=3,512 | hit_rate=92.8% | used_memory=1,389MB
2024-03-11 17:15:00.441 INFO  [redis] RDB snapshot saved: dump.rdb (24.2MB) in 2.1s
2024-03-11 18:00:00.552 INFO  [redis] Stats: connected_clients=58 | ops_per_sec=3,102 | hit_rate=93.2% | used_memory=1,312MB
2024-03-11 18:15:00.001 INFO  [redis] RDB snapshot saved: dump.rdb (22.8MB) in 1.9s
2024-03-11 19:00:00.112 INFO  [redis] Stats: connected_clients=51 | ops_per_sec=2,789 | hit_rate=93.6% | used_memory=1,234MB
2024-03-11 19:15:00.223 INFO  [redis] RDB snapshot saved: dump.rdb (21.2MB) in 1.7s
2024-03-11 20:00:00.334 INFO  [redis] Stats: connected_clients=44 | ops_per_sec=2,341 | hit_rate=94.1% | used_memory=1,156MB
2024-03-11 20:15:00.441 INFO  [redis] RDB snapshot saved: dump.rdb (19.8MB) in 1.5s
2024-03-11 21:00:00.552 INFO  [redis] Stats: connected_clients=38 | ops_per_sec=1,892 | hit_rate=94.5% | used_memory=1,078MB
2024-03-11 21:15:00.001 INFO  [redis] RDB snapshot saved: dump.rdb (18.2MB) in 1.3s
2024-03-11 22:00:00.112 INFO  [redis] Stats: connected_clients=31 | ops_per_sec=1,512 | hit_rate=94.9% | used_memory=1,001MB
2024-03-11 22:15:00.223 INFO  [redis] RDB snapshot saved: dump.rdb (17.1MB) in 1.2s
2024-03-11 23:00:00.334 INFO  [redis] Stats: connected_clients=24 | ops_per_sec=1,102 | hit_rate=95.2% | used_memory=934MB
2024-03-11 23:15:00.441 INFO  [redis] RDB snapshot saved: dump.rdb (15.8MB) in 1.1s
2024-03-11 23:59:59.001 INFO  [redis] Daily summary: peak_memory=1,589MB (78%) | peak_connections=82 | peak_ops=5,102/s | avg_hit_rate=93.8% | total_evictions=891,234 | rdb_failures=1
